0 info it worked if it ends with ok
1 verbose cli [ '/usr/bin/node', '/usr/bin/npm', 'run', 'migrate_heroku' ]
2 info using npm@3.5.2
3 info using node@v8.10.0
4 verbose run-script [ 'premigrate_heroku', 'migrate_heroku', 'postmigrate_heroku' ]
5 info lifecycle quiz-2018@0.0.0~premigrate_heroku: quiz-2018@0.0.0
6 silly lifecycle quiz-2018@0.0.0~premigrate_heroku: no script for premigrate_heroku, continuing
7 info lifecycle quiz-2018@0.0.0~migrate_heroku: quiz-2018@0.0.0
8 verbose lifecycle quiz-2018@0.0.0~migrate_heroku: unsafe-perm in lifecycle true
9 verbose lifecycle quiz-2018@0.0.0~migrate_heroku: PATH: /usr/share/npm/bin/node-gyp-bin:/home/ruben/Escritorio/PracticasCORE/Practica7/node_modules/.bin:/usr/local/sbin:/usr/local/bin:/usr/sbin:/usr/bin:/sbin:/bin:/usr/games:/usr/local/games:/snap/bin
10 verbose lifecycle quiz-2018@0.0.0~migrate_heroku: CWD: /home/ruben/Escritorio/PracticasCORE/Practica7
11 silly lifecycle quiz-2018@0.0.0~migrate_heroku: Args: [ '-c',
11 silly lifecycle   'heroku run ./node_modules/.bin/sequelize db:migrate --url \\$DATABASE_URL' ]
12 info lifecycle quiz-2018@0.0.0~migrate_heroku: Failed to exec migrate_heroku script
13 verbose stack Error: quiz-2018@0.0.0 migrate_heroku: `heroku run ./node_modules/.bin/sequelize db:migrate --url \$DATABASE_URL`
13 verbose stack spawn ENOENT
13 verbose stack     at ChildProcess.<anonymous> (/usr/share/npm/lib/utils/spawn.js:17:16)
13 verbose stack     at emitTwo (events.js:126:13)
13 verbose stack     at ChildProcess.emit (events.js:214:7)
13 verbose stack     at maybeClose (internal/child_process.js:925:16)
13 verbose stack     at Process.ChildProcess._handle.onexit (internal/child_process.js:209:5)
14 verbose pkgid quiz-2018@0.0.0
15 verbose cwd /home/ruben/Escritorio/PracticasCORE/Practica7
16 error Linux 4.15.0-20-generic
17 error argv "/usr/bin/node" "/usr/bin/npm" "run" "migrate_heroku"
18 error node v8.10.0
19 error npm  v3.5.2
20 error file sh
21 error code ELIFECYCLE
22 error errno ENOENT
23 error syscall spawn
24 error quiz-2018@0.0.0 migrate_heroku: `heroku run ./node_modules/.bin/sequelize db:migrate --url \$DATABASE_URL`
24 error spawn ENOENT
25 error Failed at the quiz-2018@0.0.0 migrate_heroku script 'heroku run ./node_modules/.bin/sequelize db:migrate --url \$DATABASE_URL'.
25 error Make sure you have the latest version of node.js and npm installed.
25 error If you do, this is most likely a problem with the quiz-2018 package,
25 error not with npm itself.
25 error Tell the author that this fails on your system:
25 error     heroku run ./node_modules/.bin/sequelize db:migrate --url \$DATABASE_URL
25 error You can get information on how to open an issue for this project with:
25 error     npm bugs quiz-2018
25 error Or if that isn't available, you can get their info via:
25 error     npm owner ls quiz-2018
25 error There is likely additional logging output above.
26 verbose exit [ 1, true ]
